# JRE version: Java(TM) SE Runtime Environment (8.0_181-b13) (build 1.8.0_181-b13)
# Java VM: Java HotSpot(TM) 64-Bit Server VM (25.181-b13 mixed mode windows-amd64 compressed oops)
Heap:
 PSYoungGen      total 66560K, used 55786K [0x0000000776180000, 0x000000077ab80000, 0x00000007c0000000)
  eden space 57344K, 97% used [0x0000000776180000,0x00000007797faac8,0x0000000779980000)
  from space 9216K, 0% used [0x0000000779980000,0x0000000779980000,0x000000077a280000)
  to   space 9216K, 0% used [0x000000077a280000,0x000000077a280000,0x000000077ab80000)
 ParOldGen       total 104448K, used 6226K [0x00000006e2400000, 0x00000006e8a00000, 0x0000000776180000)
  object space 104448K, 5% used [0x00000006e2400000,0x00000006e2a14be8,0x00000006e8a00000)
 Metaspace       used 21243K, capacity 21798K, committed 22144K, reserved 1075200K
  class space    used 2440K, capacity 2563K, committed 2688K, reserved 1048576K
GC Heap History (4 events):
Event: 0.601 GC heap before
{Heap before GC invocations=1 (full 0):
 PSYoungGen      total 66560K, used 54043K [0x0000000776180000, 0x000000077ab80000, 0x00000007c0000000)
  eden space 57344K, 94% used [0x0000000776180000,0x0000000779646d50,0x0000000779980000)
  from space 9216K, 0% used [0x000000077a280000,0x000000077a280000,0x000000077ab80000)
  to   space 9216K, 0% used [0x0000000779980000,0x0000000779980000,0x000000077a280000)
 ParOldGen       total 151552K, used 0K [0x00000006e2400000, 0x00000006eb800000, 0x0000000776180000)
  object space 151552K, 0% used [0x00000006e2400000,0x00000006e2400000,0x00000006eb800000)
 Metaspace       used 13223K, capacity 13472K, committed 13696K, reserved 1071104K
  class space    used 1548K, capacity 1642K, committed 1664K, reserved 1048576K
Event: 0.606 GC heap after
Heap after GC invocations=1 (full 0):
 PSYoungGen      total 66560K, used 6568K [0x0000000776180000, 0x000000077ab80000, 0x00000007c0000000)
  eden space 57344K, 0% used [0x0000000776180000,0x0000000776180000,0x0000000779980000)
  from space 9216K, 71% used [0x0000000779980000,0x0000000779fea0f0,0x000000077a280000)
  to   space 9216K, 0% used [0x000000077a280000,0x000000077a280000,0x000000077ab80000)
 ParOldGen       total 151552K, used 80K [0x00000006e2400000, 0x00000006eb800000, 0x0000000776180000)
  object space 151552K, 0% used [0x00000006e2400000,0x00000006e2414010,0x00000006eb800000)
 Metaspace       used 13223K, capacity 13472K, committed 13696K, reserved 1071104K
  class space    used 1548K, capacity 1642K, committed 1664K, reserved 1048576K
}
Event: 0.606 GC heap before
{Heap before GC invocations=2 (full 1):
 PSYoungGen      total 66560K, used 6568K [0x0000000776180000, 0x000000077ab80000, 0x00000007c0000000)
  eden space 57344K, 0% used [0x0000000776180000,0x0000000776180000,0x0000000779980000)
  from space 9216K, 71% used [0x0000000779980000,0x0000000779fea0f0,0x000000077a280000)
  to   space 9216K, 0% used [0x000000077a280000,0x000000077a280000,0x000000077ab80000)
 ParOldGen       total 151552K, used 80K [0x00000006e2400000, 0x00000006eb800000, 0x0000000776180000)
  object space 151552K, 0% used [0x00000006e2400000,0x00000006e2414010,0x00000006eb800000)
 Metaspace       used 13223K, capacity 13472K, committed 13696K, reserved 1071104K
  class space    used 1548K, capacity 1642K, committed 1664K, reserved 1048576K
Event: 0.617 GC heap after
Heap after GC invocations=2 (full 1):
 PSYoungGen      total 66560K, used 0K [0x0000000776180000, 0x000000077ab80000, 0x00000007c0000000)
  eden space 57344K, 0% used [0x0000000776180000,0x0000000776180000,0x0000000779980000)
  from space 9216K, 0% used [0x0000000779980000,0x0000000779980000,0x000000077a280000)
  to   space 9216K, 0% used [0x000000077a280000,0x000000077a280000,0x000000077ab80000)
 ParOldGen       total 104448K, used 6226K [0x00000006e2400000, 0x00000006e8a00000, 0x0000000776180000)
  object space 104448K, 5% used [0x00000006e2400000,0x00000006e2a14be8,0x00000006e8a00000)
 Metaspace       used 13223K, capacity 13472K, committed 13696K, reserved 1069056K
  class space    used 1548K, capacity 1642K, committed 1664K, reserved 1048576K
}

